0 silly argv {
0 silly argv   _: [ 'version' ],
0 silly argv   private: false,
0 silly argv   'force-publish': true,
0 silly argv   forcePublish: true,
0 silly argv   lernaVersion: '999.9.9',
0 silly argv   '$0': 'node_modules/.bin/lerna'
0 silly argv }
1 notice cli v999.9.9
2 verbose packageConfigs Resolving packages based on package.json "workspaces" configuration.
3 verbose rootPath /home/david/Development/stemcmicro
4 info current version 0.9.41
5 silly isAnythingCommitted
6 verbose isAnythingCommitted 1
7 silly getCurrentBranch
8 verbose currentBranch main
9 silly remoteBranchExists
10 silly isBehindUpstream
11 silly isBehindUpstream main is behind origin/main by 0 commit(s) and ahead by 0
12 silly hasTags
13 verbose hasTags true
14 silly git-describe.sync "v0.9.41-1-g9051a3e6" => {"lastTagName":"v0.9.41","lastVersion":"v0.9.41","refCount":"1","sha":"9051a3e6","isDirty":false}
15 warn force-publish all packages
16 info Assuming all packages changed
17 verbose updated math-expression-atoms
18 verbose updated math-expression-context
19 verbose updated math-expression-native
20 verbose updated math-expression-tree
21 verbose updated stemcmicro
22 info execute Skipping releases
23 warn lifecycle Skipping root "preversion" because it has already been called
24 silly lifecycle No script for "preversion" in "math-expression-tree", continuing
25 silly lifecycle No script for "version" in "math-expression-tree", continuing
26 silly lifecycle No script for "preversion" in "math-expression-atoms", continuing
27 silly lifecycle No script for "version" in "math-expression-atoms", continuing
28 silly lifecycle No script for "preversion" in "math-expression-context", continuing
29 silly lifecycle No script for "preversion" in "math-expression-native", continuing
30 silly lifecycle No script for "version" in "math-expression-native", continuing
31 silly lifecycle No script for "version" in "math-expression-context", continuing
32 silly lifecycle No script for "preversion" in "stemcmicro", continuing
33 silly lifecycle No script for "version" in "stemcmicro", continuing
34 warn lifecycle Skipping root "version" because it has already been called
35 verbose version Updating root package-lock.json
36 silly version Successfully applied prettier to updated file: packages/math-expression-tree/package.json
37 silly version Successfully applied prettier to updated file: packages/math-expression-tree/package-lock.json
38 silly version Successfully applied prettier to updated file: packages/math-expression-atoms/package.json
39 silly version Successfully applied prettier to updated file: packages/math-expression-atoms/package-lock.json
40 silly version Successfully applied prettier to updated file: packages/math-expression-native/package.json
41 silly version Successfully applied prettier to updated file: packages/math-expression-native/package-lock.json
42 silly version Successfully applied prettier to updated file: packages/math-expression-context/package.json
43 silly version Successfully applied prettier to updated file: packages/math-expression-context/package-lock.json
44 silly version Successfully applied prettier to updated file: packages/stemcmicro/package.json
45 silly version Successfully applied prettier to updated file: packages/stemcmicro/package-lock.json
46 silly version Successfully applied prettier to updated file: lerna.json
47 silly version Successfully applied prettier to updated file: package-lock.json
48 silly gitAdd [
48 silly gitAdd   'packages/math-expression-tree/package.json',
48 silly gitAdd   'packages/math-expression-tree/package-lock.json',
48 silly gitAdd   'packages/math-expression-atoms/package.json',
48 silly gitAdd   'packages/math-expression-atoms/package-lock.json',
48 silly gitAdd   'packages/math-expression-native/package.json',
48 silly gitAdd   'packages/math-expression-native/package-lock.json',
48 silly gitAdd   'packages/math-expression-context/package.json',
48 silly gitAdd   'packages/math-expression-context/package-lock.json',
48 silly gitAdd   'packages/stemcmicro/package.json',
48 silly gitAdd   'packages/stemcmicro/package-lock.json',
48 silly gitAdd   'lerna.json',
48 silly gitAdd   'package-lock.json'
48 silly gitAdd ]
49 silly gitCommit v0.9.41
50 verbose git [ 'commit', '-m', 'v0.9.41' ]
51 silly gitTag v0.9.41 git tag %s -m %s
52 verbose git [ 'tag', 'v0.9.41', '-m', 'v0.9.41' ]
53 error Error: Command failed with exit code 128: git tag v0.9.41 -m v0.9.41
53 error fatal: tag 'v0.9.41' already exists
53 error     at makeError (/home/david/Development/stemcmicro/node_modules/lerna/node_modules/execa/lib/error.js:59:11)
53 error     at handlePromise (/home/david/Development/stemcmicro/node_modules/lerna/node_modules/execa/index.js:114:26)
53 error     at process.processTicksAndRejections (node:internal/process/task_queues:95:5)
53 error     at async VersionCommand.gitCommitAndTagVersion (/home/david/Development/stemcmicro/node_modules/lerna/dist/index.js:8558:9)
53 error     at async VersionCommand.commitAndTagUpdates (/home/david/Development/stemcmicro/node_modules/lerna/dist/index.js:8522:18)
53 error     at async Promise.all (index 0)
